This is XeTeX, Version 3.1415926-2.3-0.9997.5 (TeX Live 2011) (format=xelatex 2012.5.7)  31 MAY 2012 14:55
entering extended mode
 restricted \write18 enabled.
 %&-line parsing enabled.
**main.tex
(./main.tex
LaTeX2e <2009/09/24>
Babel <v3.8l> and hyphenation patterns for english, dumylang, nohyphenation, ge
rman-x-2009-06-19, ngerman-x-2009-06-19, afrikaans, ancientgreek, ibycus, arabi
c, armenian, basque, bulgarian, catalan, pinyin, coptic, croatian, czech, danis
h, dutch, ukenglish, usenglishmax, esperanto, estonian, ethiopic, farsi, finnis
h, french, galician, german, ngerman, swissgerman, monogreek, greek, hungarian,
 icelandic, assamese, bengali, gujarati, hindi, kannada, malayalam, marathi, or
iya, panjabi, tamil, telugu, indonesian, interlingua, irish, italian, kurmanji,
 lao, latin, latvian, lithuanian, mongolian, mongolianlmc, bokmal, nynorsk, pol
ish, portuguese, romanian, russian, sanskrit, serbian, serbianc, slovak, sloven
ian, spanish, swedish, turkish, turkmen, ukrainian, uppersorbian, welsh, loaded
.
(/usr/local/texlive/2011/texmf-dist/tex/latex/ctex/ctexbook.cls
Document Class: ctexbook 2011/03/11 v1.02c ctexbook document class
(/usr/local/texlive/2011/texmf-dist/tex/latex/ctex/opt/ctex-common-opts.def)
(/usr/local/texlive/2011/texmf-dist/tex/latex/ctex/opt/ctex-caption-opts.def
\c@CTEX@sectiondepth=\count80
)
(/usr/local/texlive/2011/texmf-dist/tex/latex/ctex/opt/ctex-class-opts.def)
(/usr/local/texlive/2011/texmf-dist/tex/latex/ctex/def/ctex-loadclass.def
(/usr/local/texlive/2011/texmf-dist/tex/latex/base/book.cls
Document Class: book 2007/10/19 v1.4h Standard LaTeX document class
(/usr/local/texlive/2011/texmf-dist/tex/latex/base/bk12.clo
File: bk12.clo 2007/10/19 v1.4h Standard LaTeX file (size option)
)
\c@part=\count81
\c@chapter=\count82
\c@section=\count83
\c@subsection=\count84
\c@subsubsection=\count85
\c@paragraph=\count86
\c@subparagraph=\count87
\c@figure=\count88
\c@table=\count89
\abovecaptionskip=\skip41
\belowcaptionskip=\skip42
\bibindent=\dimen102
))
(/usr/local/texlive/2011/texmf-dist/tex/latex/ctex/def/ctex-common.def
(/usr/local/texlive/2011/texmf-dist/tex/latex/expl3/expl3.sty
(/usr/local/texlive/2011/texmf-dist/tex/latex/expl3/l3names.sty
Package: l3names 2011/01/08 v2122 L3 Experimental Naming Scheme for TeX Primiti
ves
)
Package: expl3 2011/04/09 v2222 L3 Experimental code bundle wrapper

(/usr/local/texlive/2011/texmf-dist/tex/latex/etex-pkg/etex.sty
Package: etex 1998/03/26 v2.0 eTeX basic definition package (PEB)
\et@xins=\count90
)
(/usr/local/texlive/2011/texmf-dist/tex/latex/expl3/l3basics.sty
Package: l3basics 2011/04/23 v2246 L3 Experimental basic definitions
)
(/usr/local/texlive/2011/texmf-dist/tex/latex/expl3/l3expan.sty
Package: l3expan 2011/04/09 v2223 L3 Experimental Argument Expansion module
)
(/usr/local/texlive/2011/texmf-dist/tex/latex/expl3/l3tl.sty
Package: l3tl 2011/04/09 v2223 L3 Experimental Token Lists
)
(/usr/local/texlive/2011/texmf-dist/tex/latex/expl3/l3int.sty
Package: l3int 2011/04/11 v2229 L3 Experimental Integer module
\l_tmpa_int=\count91
\l_tmpb_int=\count92
\l_tmpc_int=\count93
\g_tmpa_int=\count94
\g_tmpb_int=\count95
\c_max_int=\count96
\g_tl_inline_level_int=\count97
\g_prg_inline_level_int=\count98
)
(/usr/local/texlive/2011/texmf-dist/tex/latex/expl3/l3quark.sty
Package: l3quark 2011/04/14 v2234 L3 Experimental Quark Commands
)
(/usr/local/texlive/2011/texmf-dist/tex/latex/expl3/l3seq.sty
Package: l3seq 2011/04/21 v2245 The LaTeX3 kernel: sequences and stacks
\g_seq_nesting_depth_int=\count99
)
(/usr/local/texlive/2011/texmf-dist/tex/latex/expl3/l3toks.sty
Package: l3toks 2011/04/09 v2223 L3 Experimental Token Registers
\l_tmpb_toks=\toks14
\l_tmpc_toks=\toks15
\g_tmpa_toks=\toks16
\g_tmpb_toks=\toks17
\g_tmpc_toks=\toks18
\c_empty_toks=\toks19
\l_tl_replace_toks=\toks20
)
(/usr/local/texlive/2011/texmf-dist/tex/latex/expl3/l3prg.sty
Package: l3prg 2011/04/09 v2223 L3 Experimental control structures
)
(/usr/local/texlive/2011/texmf-dist/tex/latex/expl3/l3clist.sty
Package: l3clist 2011/04/09 v2223 L3 Experimental comma separated lists
\g_clist_map_inline_int=\count100
)
(/usr/local/texlive/2011/texmf-dist/tex/latex/expl3/l3token.sty
Package: l3token 2011/04/09 v2223 L3 Experimental token investigation and manip
ulation
)
(/usr/local/texlive/2011/texmf-dist/tex/latex/expl3/l3prop.sty
Package: l3prop 2011/04/09 v2223 L3 Experimental Property Lists
\g_prop_inline_level_int=\count101
)
(/usr/local/texlive/2011/texmf-dist/tex/latex/expl3/l3msg.sty
Package: l3msg 2010/10/02 v2052 L3 Experimental LaTeX Messages module
\l_msg_redirect_classes_prop=\toks21
\l_msg_redirect_names_prop=\toks22
\l_msg_redirect_fatal_prop=\toks23
\l_msg_redirect_error_prop=\toks24
\l_msg_redirect_warning_prop=\toks25
\l_msg_redirect_info_prop=\toks26
\l_msg_redirect_log_prop=\toks27
\l_msg_redirect_trace_prop=\toks28
\l_msg_redirect_none_prop=\toks29
)
(/usr/local/texlive/2011/texmf-dist/tex/latex/expl3/l3io.sty
Package: l3io 2010/10/03 v2063 L3 Experimental i/o module
\g_iow_streams_prop=\toks30
\g_ior_streams_prop=\toks31
\l_iow_stream_int=\count102
)
(/usr/local/texlive/2011/texmf-dist/tex/latex/expl3/l3skip.sty
Package: l3skip 2011/02/15 v2149 L3 Experimental skip registers
\l_tmpa_skip=\skip43
\l_tmpb_skip=\skip44
\l_tmpc_skip=\skip45
\g_tmpa_skip=\skip46
\g_tmpb_skip=\skip47
\l_tmpa_dim=\dimen103
\l_tmpb_dim=\dimen104
\l_tmpc_dim=\dimen105
\l_tmpd_dim=\dimen106
\g_tmpa_dim=\dimen107
\g_tmpb_dim=\dimen108
)
(/usr/local/texlive/2011/texmf-dist/tex/latex/expl3/l3box.sty
Package: l3box 2011/04/09 v2223 L3 Experimental Box module
\l_tmpb_box=\box26
)
(/usr/local/texlive/2011/texmf-dist/tex/latex/expl3/l3keyval.sty
Package: l3keyval 2011/04/09 v2223 L3 Experimental keyval processing
\l_KV_level_int=\count103
)
(/usr/local/texlive/2011/texmf-dist/tex/latex/expl3/l3keys.sty
Package: l3keys 2010/11/11 v2082 L3 Experimental key-value support
\l_keys_choice_int=\count104
)
(/usr/local/texlive/2011/texmf-dist/tex/latex/expl3/l3precom.sty
Package: l3precom 2011/04/09 v2223 L3 Experimental precompilation module
\g_gen_sym_int=\count105
\g_ggen_sym_int=\count106
)
(/usr/local/texlive/2011/texmf-dist/tex/latex/expl3/l3xref.sty
Package: l3xref 2011/04/09 v2223 L3 Experimental cross referencing
\g_xref_all_curr_immediate_fields_prop=\toks32
\g_xref_all_curr_deferred_fields_prop=\toks33
)
(/usr/local/texlive/2011/texmf-dist/tex/latex/expl3/l3file.sty
Package: l3file 2011/04/21 v2242 The LaTeX3 kernel: file operations
)
(/usr/local/texlive/2011/texmf-dist/tex/latex/expl3/l3fp.sty
Package: l3fp 2011/03/19 v2201 L3 Experimental floating-point operations
\c_one_million=\count107
\c_one_hundred_million=\count108
\c_five_hundred_million=\count109
\c_one_thousand_million=\count110
\c_fp_pi_by_four_decimal_int=\count111
\c_fp_pi_by_four_extended_int=\count112
\c_fp_pi_decimal_int=\count113
\c_fp_pi_extended_int=\count114
\c_fp_two_pi_decimal_int=\count115
\c_fp_two_pi_extended_int=\count116
\l_fp_count_int=\count117
\l_fp_div_offset_int=\count118
\l_fp_exp_integer_int=\count119
\l_fp_exp_decimal_int=\count120
\l_fp_exp_extended_int=\count121
\l_fp_exp_exponent_int=\count122
\l_fp_input_a_sign_int=\count123
\l_fp_input_a_integer_int=\count124
\l_fp_input_a_decimal_int=\count125
\l_fp_input_a_exponent_int=\count126
\l_fp_input_b_sign_int=\count127
\l_fp_input_b_integer_int=\count128
\l_fp_input_b_decimal_int=\count129
\l_fp_input_b_exponent_int=\count130
\l_fp_input_a_extended_int=\count131
\l_fp_input_b_extended_int=\count132
\l_fp_mul_a_i_int=\count133
\l_fp_mul_a_ii_int=\count134
\l_fp_mul_a_iii_int=\count135
\l_fp_mul_a_iv_int=\count136
\l_fp_mul_a_v_int=\count137
\l_fp_mul_a_vi_int=\count138
\l_fp_mul_b_i_int=\count139
\l_fp_mul_b_ii_int=\count140
\l_fp_mul_b_iii_int=\count141
\l_fp_mul_b_iv_int=\count142
\l_fp_mul_b_v_int=\count143
\l_fp_mul_b_vi_int=\count144
\l_fp_mul_output_int=\count145
\l_fp_output_sign_int=\count146
\l_fp_output_integer_int=\count147
\l_fp_output_decimal_int=\count148
\l_fp_output_exponent_int=\count149
\l_fp_output_extended_int=\count150
\l_fp_round_position_int=\count151
\l_fp_round_target_int=\count152
\l_fp_split_sign_int=\count153
\l_fp_tmp_int=\count154
\l_fp_trig_octant_int=\count155
\l_fp_trig_sign_int=\count156
\l_fp_trig_decimal_int=\count157
\l_fp_trig_extended_int=\count158
\l_fp_tmp_dim=\dimen109
\l_fp_tmp_skip=\skip48
)
(/usr/local/texlive/2011/texmf-dist/tex/latex/expl3/l3luatex.sty
Package: l3luatex 2010/07/18 v1985 L3 Experimental LuaTeX functions
\g_cctab_allocate_int=\count159
\g_cctab_stack_int=\count160
)
(/usr/local/texlive/2011/texmf-dist/tex/latex/tools/calc.sty
Package: calc 2007/08/22 v4.3 Infix arithmetic (KKT,FJ)
\calc@Acount=\count161
\calc@Bcount=\count162
\calc@Adimen=\dimen110
\calc@Bdimen=\dimen111
\calc@Askip=\skip49
\calc@Bskip=\skip50
LaTeX Info: Redefining \setlength on input line 76.
LaTeX Info: Redefining \addtolength on input line 77.
\calc@Ccount=\count163
\calc@Cskip=\skip51
))
(/usr/local/texlive/2011/texmf-dist/tex/latex/etoolbox/etoolbox.sty
Package: etoolbox 2011/01/03 v2.1 e-TeX tools for LaTeX
\etb@tempcnta=\count164
)
(/usr/local/texlive/2011/texmf-dist/tex/generic/oberdiek/ifpdf.sty
Package: ifpdf 2011/01/30 v2.3 Provides the ifpdf switch (HO)
Package ifpdf Info: pdfTeX in PDF mode is not detected.
)
(/usr/local/texlive/2011/texmf-dist/tex/generic/ifxetex/ifxetex.sty
Package: ifxetex 2010/09/12 v0.6 Provides ifxetex conditional
)
(/usr/local/texlive/2011/texmf-dist/tex/latex/graphics/keyval.sty
Package: keyval 1999/03/16 v1.13 key=value parser (DPC)
\KV@toks@=\toks34
)
(/usr/local/texlive/2011/texmf-dist/tex/latex/tools/indentfirst.sty
Package: indentfirst 1995/11/23 v1.03 Indent first paragraph (DPC)
)
(/usr/local/texlive/2011/texmf-dist/tex/latex/base/fix-cm.sty
Package: fix-cm 2006/09/13 v1.1m fixes to LaTeX

(/usr/local/texlive/2011/texmf-dist/tex/latex/base/ts1enc.def
File: ts1enc.def 2001/06/05 v3.0e (jk/car/fm) Standard LaTeX file
))
(/usr/local/texlive/2011/texmf-dist/tex/latex/fancyhdr/fancyhdr.sty
\fancy@headwidth=\skip52
\f@ncyO@elh=\skip53
\f@ncyO@erh=\skip54
\f@ncyO@olh=\skip55
\f@ncyO@orh=\skip56
\f@ncyO@elf=\skip57
\f@ncyO@erf=\skip58
\f@ncyO@olf=\skip59
\f@ncyO@orf=\skip60
)
(/usr/local/texlive/2011/texmf-dist/tex/latex/ctex/engine/ctex-xecjk-engine.def
(/usr/local/texlive/2011/texmf-dist/tex/latex/savesym/savesym.sty

LaTeX Warning: You have requested package `savesym',
               but the package provides `savesymbol'.

Package: savesymbol 2003/06/01 v1.1 Saves and restores symbols
) (/usr/local/texlive/2011/texmf-dist/tex/xelatex/xecjk/xeCJK.sty
Package: xeCJK 2011/05/01 2.3.19 package for typesetting CJK scripts with XeLaT
eX

(/usr/local/texlive/2011/texmf-dist/tex/latex/fontspec/fontspec.sty
Package: fontspec 2011/02/26 v2.1f Advanced font selection for XeLaTeX/LuaLaTeX


(/usr/local/texlive/2011/texmf-dist/tex/latex/xpackages/xbase/xparse.sty
Package: xparse 2011/04/08 v2219 Generic document command parser
\c_xparse_shorthands_prop=\toks35
\l_xparse_m_args_int=\count165
\l_xparse_mandatory_args_int=\count166
\l_xparse_processor_int=\count167
\l_xparse_total_args_int=\count168
)
(/usr/local/texlive/2011/texmf-dist/tex/generic/kastrup/binhex.tex)
\l_fontspec_script_int=\count169
\l_fontspec_language_int=\count170
\l_fontspec_strnum_int=\count171
Variant \tl_gset:cV already defined; not changing it on line 83

(/usr/local/texlive/2011/texmf-dist/tex/latex/xkeyval/xkeyval.sty
Package: xkeyval 2008/08/13 v2.6a package option processing (HA)

(/usr/local/texlive/2011/texmf-dist/tex/generic/xkeyval/xkeyval.tex
\XKV@toks=\toks36
\XKV@tempa@toks=\toks37
\XKV@depth=\count172
File: xkeyval.tex 2008/08/13 v2.6a key=value parser (HA)
))
(/usr/local/texlive/2011/texmf-dist/tex/latex/fontspec/fontspec-patches.sty
Package: fontspec-patches 2011/02/26 v2.1f Advanced font selection for XeLaTeX/
LuaLaTeX

(/usr/local/texlive/2011/texmf-dist/tex/latex/base/fixltx2e.sty
Package: fixltx2e 2006/09/13 v1.1m fixes to LaTeX
LaTeX Info: Redefining \em on input line 420.
)
LaTeX Info: Redefining \em on input line 22.
LaTeX Info: Redefining \emph on input line 29.
LaTeX Info: Redefining \- on input line 32.
)
(/usr/local/texlive/2011/texmf-dist/tex/latex/base/fontenc.sty
Package: fontenc 2005/09/27 v1.99g Standard LaTeX package

(/usr/local/texlive/2011/texmf-dist/tex/latex/euenc/eu1enc.def
File: eu1enc.def 2010/05/27 v0.1h Experimental Unicode font encodings
)
LaTeX Font Info:    Try loading font information for EU1+lmr on input line 100.


(/usr/local/texlive/2011/texmf-dist/tex/latex/euenc/eu1lmr.fd
File: eu1lmr.fd 2009/10/30 v1.6 Font defs for Latin Modern
))
(/usr/local/texlive/2011/texmf-dist/tex/xelatex/xunicode/xunicode.sty
File: xunicode.sty 2010/11/06 v0.96 provides access to latin accents and many o
ther characters in Unicode lower plane
)
 LaTeX info: Defining document command \fontspec
(LaTeX)  with arg. spec. 'O{}m' on line 335.

 LaTeX info: Defining document command \setmainfont
(LaTeX)  with arg. spec. 'O{}m' on line 339.

 LaTeX info: Defining document command \setsansfont
(LaTeX)  with arg. spec. 'O{}m' on line 343.

 LaTeX info: Defining document command \setmonofont
(LaTeX)  with arg. spec. 'O{}m' on line 347.

 LaTeX info: Defining document command \setmathrm
(LaTeX)  with arg. spec. 'O{}m' on line 351.

 LaTeX info: Defining document command \setboldmathrm
(LaTeX)  with arg. spec. 'O{}m' on line 354.

 LaTeX info: Defining document command \setmathsf
(LaTeX)  with arg. spec. 'O{}m' on line 357.

 LaTeX info: Defining document command \setmathtt
(LaTeX)  with arg. spec. 'O{}m' on line 360.

 LaTeX info: Defining document command \newfontfamily
(LaTeX)  with arg. spec. 'mO{}m' on line 377.

 LaTeX info: Defining document command \newfontface
(LaTeX)  with arg. spec. 'mO{}m' on line 380.

 LaTeX info: Defining document command \defaultfontfeatures
(LaTeX)  with arg. spec. 'm' on line 383.

 LaTeX info: Defining document command \addfontfeatures
(LaTeX)  with arg. spec. 'm' on line 400.

 LaTeX info: Defining document command \newfontfeature
(LaTeX)  with arg. spec. 'mm' on line 407.

 LaTeX info: Defining document command \newAATfeature
(LaTeX)  with arg. spec. 'mmmm' on line 416.

 LaTeX info: Defining document command \newICUfeature
(LaTeX)  with arg. spec. 'mmm' on line 425.

 LaTeX info: Defining document command \aliasfontfeature
(LaTeX)  with arg. spec. 'mm' on line 427.

 LaTeX info: Defining document command \aliasfontfeatureoption
(LaTeX)  with arg. spec. 'mmm' on line 430.

 LaTeX info: Defining document command \newfontscript
(LaTeX)  with arg. spec. 'mm' on line 435.

 LaTeX info: Defining document command \newfontlanguage
(LaTeX)  with arg. spec. 'mm' on line 457.

 LaTeX info: Defining document command \DeclareFontsExtensions
(LaTeX)  with arg. spec. 'm' on line 474.

\c@fontspec_tmp_int=\count173
LaTeX Info: Redefining \itshape on input line 2105.
LaTeX Info: Redefining \slshape on input line 2109.
LaTeX Info: Redefining \scshape on input line 2113.
LaTeX Info: Redefining \upshape on input line 2117.

(/usr/local/texlive/2011/texmf-dist/tex/latex/fontspec/fontspec.cfg))
\xeCJK@cnta=\count174
\xeCJK@cntb=\count175
\xeCJK@cntc=\count176
\xeCJK@cntd=\count177
\xeCJK@cnte=\count178
\xeCJK@dima=\dimen112
LaTeX Info: Redefining \normalfont on input line 853.
LaTeX Info: Redefining \rmfamily on input line 862.
LaTeX Info: Redefining \sffamily on input line 866.
LaTeX Info: Redefining \ttfamily on input line 870.
\xeCJK@featureadded=\count179
)
(/usr/local/texlive/2011/texmf-dist/tex/latex/ctex/engine/ctex-cjk-common.def
(/usr/local/texlive/2011/texmf-dist/tex/latex/cjk/texinput/CJKfntef.sty
Package: CJKfntef 2008/12/29 4.8.2

(/usr/local/texlive/2011/texmf-dist/tex/latex/cjk/texinput/CJKulem.sty
Package: CJKulem 2008/12/29 4.8.2

(/usr/local/texlive/2011/texmf-dist/tex/generic/ulem/ulem.sty
\UL@box=\box27
\UL@hyphenbox=\box28
\UL@skip=\skip61
\UL@hook=\toks38
\UL@height=\dimen113
\UL@pe=\count180
\UL@pixel=\dimen114
\ULC@box=\box29
Package: ulem 2011/03/18
\ULdepth=\dimen115
)
\UL@lastkern=\dimen116
\CJK@skip=\skip62
)
\CJK@fntefSkip=\skip63
\CJK@nest=\count181
\CJK@fntefDimen=\dimen117
\CJK@underdotBox=\box30
\CJK@ULbox=\box31
)
\ccwd=\dimen118
)
(/usr/local/texlive/2011/texmf-dist/tex/latex/ctex/fontset/ctex-xecjk-winfonts.
def))
\CTEX@q=\count182
\CTEX@r=\count183
) (/usr/local/texlive/2011/texmf-dist/tex/latex/ctex/def/ctex-caption.def) (/us
r/local/texlive/2011/texmf-dist/tex/latex/ctex/def/ctex-class.def)
(/usr/local/texlive/2011/texmf-dist/tex/latex/ctex/def/ctex-book.def))
(/usr/local/texlive/2011/texmf-dist/tex/latex/ctex/def/ctex-utf8.def)
(/usr/local/texlive/2011/texmf-dist/tex/latex/ctex/cfg/ctexcap.cfg
(/usr/local/texlive/2011/texmf-dist/tex/latex/ctex/cfg/ctexcap-utf8.cfg))
(/usr/local/texlive/2011/texmf-dist/tex/latex/ctex/cfg/ctex.cfg)
(./data/name.tex) (./data/preamble.tex
\g_fontspec_family_Times New Roman_int=\count184
 fontspec info: Defining font family 'TimesNewRoman(0)' for font 'Times New Rom
an' with options [Ligatures=TeX,].

\g_fontspec_TimesNewRoman(0)_prop=\toks39
 fontspec info: Defining shape 'normal' with NFSS spec.:
(fontspec)  <->"Times New Roman/ICU:script=latn;language=DFLT;mapping=tex-text;
"

 fontspec info: Defining shape 'bold' with NFSS spec.:
(fontspec)  <->"Times New Roman/B/ICU:script=latn;language=DFLT;mapping=tex-tex
t;"

 fontspec info: Defining shape 'italic' with NFSS spec.:
(fontspec)  <->"Times New Roman/I/ICU:script=latn;language=DFLT;mapping=tex-tex
t;"

 fontspec info: Defining shape 'bold italic' with NFSS spec.:
(fontspec)  <->"Times New Roman/BI/ICU:script=latn;language=DFLT;mapping=tex-te
xt;"


(/usr/local/texlive/2011/texmf-dist/tex/latex/amsmath/amsmath.sty
Package: amsmath 2000/07/18 v2.13 AMS math features
\@mathmargin=\skip64

For additional information on amsmath, use the `?' option.
(/usr/local/texlive/2011/texmf-dist/tex/latex/amsmath/amstext.sty
Package: amstext 2000/06/29 v2.01

(/usr/local/texlive/2011/texmf-dist/tex/latex/amsmath/amsgen.sty
File: amsgen.sty 1999/11/30 v2.0
\@emptytoks=\toks40
\ex@=\dimen119
))
(/usr/local/texlive/2011/texmf-dist/tex/latex/amsmath/amsbsy.sty
Package: amsbsy 1999/11/29 v1.2d
\pmbraise@=\dimen120
)
(/usr/local/texlive/2011/texmf-dist/tex/latex/amsmath/amsopn.sty
Package: amsopn 1999/12/14 v2.01 operator names
)
\inf@bad=\count185
LaTeX Info: Redefining \frac on input line 211.
\uproot@=\count186
\leftroot@=\count187
LaTeX Info: Redefining \overline on input line 307.
\classnum@=\count188
\DOTSCASE@=\count189
LaTeX Info: Redefining \ldots on input line 379.
LaTeX Info: Redefining \dots on input line 382.
LaTeX Info: Redefining \cdots on input line 467.
\Mathstrutbox@=\box32
\strutbox@=\box33
\big@size=\dimen121
LaTeX Font Info:    Redeclaring font encoding OML on input line 567.
LaTeX Font Info:    Redeclaring font encoding OMS on input line 568.
\macc@depth=\count190
\c@MaxMatrixCols=\count191
\dotsspace@=\muskip10
\c@parentequation=\count192
\dspbrk@lvl=\count193
\tag@help=\toks41
\row@=\count194
\column@=\count195
\maxfields@=\count196
\andhelp@=\toks42
\eqnshift@=\dimen122
\alignsep@=\dimen123
\tagshift@=\dimen124
\tagwidth@=\dimen125
\totwidth@=\dimen126
\lineht@=\dimen127
\@envbody=\toks43
\multlinegap=\skip65
\multlinetaggap=\skip66
\mathdisplay@stack=\toks44
LaTeX Info: Redefining \[ on input line 2666.
LaTeX Info: Redefining \] on input line 2667.
)
(/usr/local/texlive/2011/texmf-dist/tex/latex/amsfonts/amsfonts.sty
Package: amsfonts 2009/06/22 v3.00 Basic AMSFonts support
\symAMSa=\mathgroup4
\symAMSb=\mathgroup5
LaTeX Font Info:    Overwriting math alphabet `\mathfrak' in version `bold'
(Font)                  U/euf/m/n --> U/euf/b/n on input line 96.
)
(/usr/local/texlive/2011/texmf-dist/tex/latex/amsfonts/amssymb.sty
Package: amssymb 2009/06/22 v3.00
)
(/usr/local/texlive/2011/texmf-dist/tex/latex/tools/array.sty
Package: array 2008/09/09 v2.4c Tabular extension package (FMi)
\col@sep=\dimen128
\extrarowheight=\dimen129
\NC@list=\toks45
\extratabsurround=\skip67
\backup@length=\skip68
)
(/usr/local/texlive/2011/texmf-dist/tex/latex/booktabs/booktabs.sty
Package: booktabs 2005/04/14 v1.61803 publication quality tables
\heavyrulewidth=\dimen130
\lightrulewidth=\dimen131
\cmidrulewidth=\dimen132
\belowrulesep=\dimen133
\belowbottomsep=\dimen134
\aboverulesep=\dimen135
\abovetopsep=\dimen136
\cmidrulesep=\dimen137
\cmidrulekern=\dimen138
\defaultaddspace=\dimen139
\@cmidla=\count197
\@cmidlb=\count198
\@aboverulesep=\dimen140
\@belowrulesep=\dimen141
\@thisruleclass=\count199
\@lastruleclass=\count200
\@thisrulewidth=\dimen142
)
(/usr/local/texlive/2011/texmf-dist/tex/latex/multirow/multirow.sty
\bigstrutjot=\dimen143
)
(/usr/local/texlive/2011/texmf-dist/tex/latex/colortbl/colortbl.sty
Package: colortbl 2001/02/13 v0.1j Color table columns (DPC)

(/usr/local/texlive/2011/texmf-dist/tex/latex/graphics/color.sty
Package: color 2005/11/14 v1.0j Standard LaTeX Color (DPC)

(/usr/local/texlive/2011/texmf-dist/tex/latex/latexconfig/color.cfg
File: color.cfg 2007/01/18 v1.5 color configuration of teTeX/TeXLive
)
Package color Info: Driver file: xetex.def on input line 130.

(/usr/local/texlive/2011/texmf-dist/tex/xelatex/xetex-def/xetex.def
File: xetex.def 2009/11/22 v0.94 LaTeX color/graphics driver for XeTeX (RRM/JK)

))
\everycr=\toks46
\minrowclearance=\skip69
)
(/usr/local/texlive/2011/texmf-dist/tex/latex/tools/longtable.sty
Package: longtable 2004/02/01 v4.11 Multi-page Table package (DPC)
\LTleft=\skip70
\LTright=\skip71
\LTpre=\skip72
\LTpost=\skip73
\LTchunksize=\count201
\LTcapwidth=\dimen144
\LT@head=\box34
\LT@firsthead=\box35
\LT@foot=\box36
\LT@lastfoot=\box37
Normal \count register pool exhausted, switching to extended pool.
\LT@cols=\count277
\LT@rows=\count278
\c@LT@tables=\count279
\c@LT@chunks=\count280
\LT@p@ftn=\toks47
)
(/usr/local/texlive/2011/texmf-dist/tex/latex/tools/verbatim.sty
Package: verbatim 2003/08/22 v1.5q LaTeX2e package for verbatim enhancements
\every@verbatim=\toks48
\verbatim@line=\toks49
\verbatim@in@stream=\read1
)
(/usr/local/texlive/2011/texmf-dist/tex/latex/lipsum/lipsum.sty
Package: lipsum 2011/04/14 v1.2 150 paragraphs of Lorem Ipsum dummy text
\c@lips@count=\count281
)
(/usr/local/texlive/2011/texmf-dist/tex/latex/comment/comment.sty
\CommentStream=\write3

Excluding comment 'comment')
(/usr/local/texlive/2011/texmf-dist/tex/latex/footnpag/footnpag.sty
Package: footnpag 1995/11/10 v2.6 numbering footnotes per page
\old_foot_file=\read2
\foot_file=\write4
\foot_name_no=\count282
)
(/usr/local/texlive/2011/texmf-dist/tex/latex/amscls/amsthm.sty
Package: amsthm 2009/07/02 v2.20.1
\thm@style=\toks50
\thm@bodyfont=\toks51
\thm@headfont=\toks52
\thm@notefont=\toks53
\thm@headpunct=\toks54
\thm@preskip=\skip74
\thm@postskip=\skip75
\thm@headsep=\skip76
\dth@everypar=\toks55
)
(/usr/local/texlive/2011/texmf-dist/tex/latex/algorithms/algorithm.sty
Invalid UTF-8 byte or sequence at line 11 replaced by U+FFFD.
Package: algorithm 2009/08/24 v0.1 Document Style `algorithm' - floating enviro
nment

(/usr/local/texlive/2011/texmf-dist/tex/latex/float/float.sty
Package: float 2001/11/08 v1.3d Float enhancements (AL)
\c@float@type=\count283
\float@exts=\toks56
\float@box=\box38
\@float@everytoks=\toks57
\@floatcapt=\box39
)
(/usr/local/texlive/2011/texmf-dist/tex/latex/base/ifthen.sty
Package: ifthen 2001/05/26 v1.1c Standard LaTeX ifthen package (DPC)
)
\@float@every@algorithm=\toks58
\c@algorithm=\count284
)
(/usr/local/texlive/2011/texmf-dist/tex/latex/algorithms/algorithmic.sty
Invalid UTF-8 byte or sequence at line 11 replaced by U+FFFD.
Package: algorithmic 2009/08/24 v0.1 Document Style `algorithmic'
\c@ALC@unique=\count285
\c@ALC@line=\count286
\c@ALC@rem=\count287
\c@ALC@depth=\count288
\ALC@tlm=\skip77
\algorithmicindent=\skip78
)
(/usr/local/texlive/2011/texmf-dist/tex/latex/graphics/graphicx.sty
Package: graphicx 1999/02/16 v1.0f Enhanced LaTeX Graphics (DPC,SPQR)

(/usr/local/texlive/2011/texmf-dist/tex/latex/graphics/graphics.sty
Package: graphics 2009/02/05 v1.0o Standard LaTeX Graphics (DPC,SPQR)

(/usr/local/texlive/2011/texmf-dist/tex/latex/graphics/trig.sty
Package: trig 1999/03/16 v1.09 sin cos tan (DPC)
)
(/usr/local/texlive/2011/texmf-dist/tex/latex/latexconfig/graphics.cfg
File: graphics.cfg 2010/04/23 v1.9 graphics configuration of TeX Live
)
Package graphics Info: Driver file: xetex.def on input line 91.
)
\Gin@req@height=\dimen145
\Gin@req@width=\dimen146
)
(/usr/local/texlive/2011/texmf-dist/tex/latex/subfig/subfig.sty
Package: subfig 2005/06/28 ver: 1.3 subfig package

(/usr/local/texlive/2011/texmf-dist/tex/latex/caption/caption.sty
Package: caption 2010/01/09 v3.1m Customizing captions (AR)

(/usr/local/texlive/2011/texmf-dist/tex/latex/caption/caption3.sty
Package: caption3 2010/01/14 v3.1m caption3 kernel (AR)
\captionmargin=\dimen147
\captionmargin@=\dimen148
\captionwidth=\dimen149
\caption@indent=\dimen150
\caption@parindent=\dimen151
\caption@hangindent=\dimen152
Package caption Info: Unknown document class (or package),
(caption)             standard defaults will be used on input line 1084.
)

Package caption Warning: Unsupported document class (or package) detected,
(caption)                usage of the caption package is not recommended.
See the caption package documentation for explanation.

Package caption Info: \@makecaption = \long macro:#1#2->\vskip \abovecaptionski
p \sbox \@tempboxa {#1\CTEX@caption@delimiter #2}\ifdim \wd \@tempboxa >\hsize 
#1\CTEX@caption@delimiter #2\par \else \global \@minipagefalse \hb@xt@ \hsize {
\hfil \box \@tempboxa \hfil }\fi \vskip \belowcaptionskip .
\c@ContinuedFloat=\count289
Package caption Info: float package is loaded.
Package caption Info: longtable package is loaded.
(/usr/local/texlive/2011/texmf-dist/tex/latex/caption/ltcaption.sty
Package: ltcaption 2008/03/28 v1.2 longtable captions (AR)
))
\c@KVtest=\count290
\sf@farskip=\skip79
\sf@captopadj=\dimen153
\sf@capskip=\skip80
\sf@nearskip=\skip81


Package subfig Warning: Configuration file subfig.cfg not found on input line 2
97.

\c@subfigure=\count291
\c@subfigure@save=\count292
\c@lofdepth=\count293
\c@subtable=\count294
\c@subtable@save=\count295
\c@lotdepth=\count296
\sf@top=\skip82
\sf@bottom=\skip83
) (/usr/local/texlive/2011/texmf-dist/tex/latex/paralist/paralist.sty
Package: paralist 2002/03/18 v2.3b Extended list environments (BS)
\pltopsep=\skip84
\plpartopsep=\skip85
\plitemsep=\skip86
\plparsep=\skip87
\pl@lab=\toks59
)
(/usr/local/texlive/2011/texmf-dist/tex/latex/hyperref/hyperref.sty
Package: hyperref 2011/04/17 v6.82g Hypertext links for LaTeX

(/usr/local/texlive/2011/texmf-dist/tex/generic/oberdiek/hobsub-hyperref.sty
Package: hobsub-hyperref 2011/04/23 v1.4 Bundle oberdiek, subset hyperref (HO)

(/usr/local/texlive/2011/texmf-dist/tex/generic/oberdiek/hobsub-generic.sty
Package: hobsub-generic 2011/04/23 v1.4 Bundle oberdiek, subset generic (HO)
Package: hobsub 2011/04/23 v1.4 Subsetting bundle oberdiek (HO)
Package: infwarerr 2010/04/08 v1.3 Providing info/warning/message (HO)
Package: ltxcmds 2011/04/18 v1.20 LaTeX kernel commands for general use (HO)
Package: ifluatex 2010/03/01 v1.3 Provides the ifluatex switch (HO)
Package ifluatex Info: LuaTeX not detected.
Package: ifvtex 2010/03/01 v1.5 Switches for detecting VTeX and its modes (HO)
Package ifvtex Info: VTeX not detected.
Package: intcalc 2007/09/27 v1.1 Expandable integer calculations (HO)
Package hobsub Info: Skipping package `ifpdf' (already loaded).
Package: etexcmds 2011/02/16 v1.5 Prefix for e-TeX command names (HO)
Package etexcmds Info: Could not find \expanded.
(etexcmds)             That can mean that you are not using pdfTeX 1.50 or
(etexcmds)             that some package has redefined \expanded.
(etexcmds)             In the latter case, load this package earlier.
Package: kvsetkeys 2011/04/07 v1.13 Key value parser (HO)
Package: kvdefinekeys 2011/04/07 v1.3 Defining keys (HO)
Package: pdftexcmds 2011/04/22 v0.16 Utilities of pdfTeX for LuaTeX (HO)
Package pdftexcmds Info: LuaTeX not detected.
Package pdftexcmds Info: pdfTeX >= 1.30 not detected.
Package pdftexcmds Info: \pdf@primitive is available.
Package pdftexcmds Info: \pdf@ifprimitive is available.
Package pdftexcmds Info: \pdfdraftmode not found.
Package: pdfescape 2011/04/04 v1.12 Provides string conversions (HO)
Package: bigintcalc 2011/01/30 v1.2 Expandable big integer calculations (HO)
Package: bitset 2011/01/30 v1.1 Data type bit set (HO)
Package: uniquecounter 2011/01/30 v1.2 Provides unlimited unique counter (HO)
)
Package hobsub Info: Skipping package `hobsub' (already loaded).
Package: letltxmacro 2010/09/02 v1.4 Let assignment for LaTeX macros (HO)
Package: hopatch 2011/01/30 v1.0 Wrapper for package hooks (HO)
Package: xcolor-patch 2011/01/30 xcolor patch
Package: atveryend 2011/04/23 v1.7 Hooks at very end of document (HO)
Package: atbegshi 2011/01/30 v1.15 At begin shipout hook (HO)
Package: refcount 2010/12/01 v3.2 Data extraction from references (HO)
Package: hycolor 2011/01/30 v1.7 Color options of hyperref/bookmark (HO)
)
(/usr/local/texlive/2011/texmf-dist/tex/latex/oberdiek/kvoptions.sty
Package: kvoptions 2010/12/23 v3.10 Keyval support for LaTeX options (HO)
)
\@linkdim=\dimen154
\Hy@linkcounter=\count297
\Hy@pagecounter=\count298

(/usr/local/texlive/2011/texmf-dist/tex/latex/hyperref/pd1enc.def
File: pd1enc.def 2011/04/17 v6.82g Hyperref: PDFDocEncoding definition (HO)
)
\Hy@SavedSpaceFactor=\count299

(/usr/local/texlive/2011/texmf-dist/tex/xelatex/xetexconfig/hyperref.cfg
File: hyperref.cfg 2008/07/11 v1.2 hyperref configuration for XeLaTeX
)
Package hyperref Info: Hyper figures OFF on input line 4026.
Package hyperref Info: Link nesting OFF on input line 4031.
Package hyperref Info: Hyper index ON on input line 4034.
Package hyperref Info: Plain pages OFF on input line 4041.
Package hyperref Info: Backreferencing OFF on input line 4046.
Package hyperref Info: Implicit mode ON; LaTeX internals redefined.
Package hyperref Info: Bookmarks ON on input line 4264.
\c@Hy@tempcnt=\count300

(/usr/local/texlive/2011/texmf-dist/tex/latex/url/url.sty
\Urlmuskip=\muskip11
Package: url 2006/04/12  ver 3.3  Verb mode for urls, etc.
)
LaTeX Info: Redefining \url on input line 4617.
\Fld@menulength=\count301
\Field@Width=\dimen155
\Fld@charsize=\dimen156
Package hyperref Info: Hyper figures OFF on input line 5701.
Package hyperref Info: Link nesting OFF on input line 5706.
Package hyperref Info: Hyper index ON on input line 5709.
Package hyperref Info: backreferencing OFF on input line 5716.
Package hyperref Info: Link coloring OFF on input line 5721.
Package hyperref Info: Link coloring with OCG OFF on input line 5726.
Package hyperref Info: PDF/A mode OFF on input line 5731.
LaTeX Info: Redefining \ref on input line 5771.
LaTeX Info: Redefining \pageref on input line 5775.
\Hy@abspage=\count302
\c@Item=\count303
\c@Hfootnote=\count304
)

Package hyperref Message: Driver (autodetected): hxetex.

(/usr/local/texlive/2011/texmf-dist/tex/latex/hyperref/hxetex.def
File: hxetex.def 2011/04/17 v6.82g Hyperref driver for XeTeX

(/usr/local/texlive/2011/texmf-dist/tex/latex/hyperref/puenc.def
File: puenc.def 2011/04/17 v6.82g Hyperref: PDF Unicode definition (HO)
)
(/usr/local/texlive/2011/texmf-dist/tex/generic/oberdiek/stringenc.sty
Package: stringenc 2010/03/01 v1.8 Converts strings between encodings (HO)
)
\pdfm@box=\box40
\c@Hy@AnnotLevel=\count305
\HyField@AnnotCount=\count306
\Fld@listcount=\count307
\c@bookmark@seq@number=\count308

(/usr/local/texlive/2011/texmf-dist/tex/latex/oberdiek/rerunfilecheck.sty
Package: rerunfilecheck 2011/04/15 v1.7 Rerun checks for auxiliary files (HO)
Package rerunfilecheck Info: Feature \pdfmdfivesum is not available
(rerunfilecheck)             (e.g. pdfTeX or LuaTeX with package `pdftexcmds').

(rerunfilecheck)             Therefore file contents cannot be checked efficien
tly
(rerunfilecheck)             and the loading of the package is aborted.
)
\Hy@SectionHShift=\skip88
)
(/usr/local/texlive/2011/texmf-dist/tex/latex/xcolor/xcolor.sty
Package: xcolor 2007/01/21 v2.11 LaTeX color extensions (UK)

(/usr/local/texlive/2011/texmf-dist/tex/latex/latexconfig/color.cfg
File: color.cfg 2007/01/18 v1.5 color configuration of teTeX/TeXLive
)
Package xcolor Info: Driver file: xetex.def on input line 225.
LaTeX Info: Redefining \color on input line 702.
Package xcolor Info: Model `cmy' substituted by `cmy0' on input line 1337.
Package xcolor Info: Model `RGB' extended on input line 1353.
Package xcolor Info: Model `HTML' substituted by `rgb' on input line 1355.
Package xcolor Info: Model `Hsb' substituted by `hsb' on input line 1356.
Package xcolor Info: Model `tHsb' substituted by `hsb' on input line 1357.
Package xcolor Info: Model `HSB' substituted by `hsb' on input line 1358.
Package xcolor Info: Model `Gray' substituted by `gray' on input line 1359.
Package xcolor Info: Model `wave' substituted by `hsb' on input line 1360.
)
Package hyperref Info: Option `CJKbookmarks' set `true' on input line 73.
Package hyperref Info: Option `bookmarksnumbered' set `true' on input line 73.
Package hyperref Info: Option `colorlinks' set `true' on input line 73.
Package hyperref Info: Option `unicode' set `true' on input line 73.
Package hyperref Info: Option `plainpages' set `false' on input line 73.
Package hyperref Info: Option `bookmarksopen' set `true' on input line 73.

(/usr/local/texlive/2011/texmf-dist/tex/generic/oberdiek/se-ascii-print.def
File: se-ascii-print.def 2010/03/01 v1.8 stringenc: Printable ASCII characters
)
(/usr/local/texlive/2011/texmf-dist/tex/latex/tools/tabularx.sty
Package: tabularx 1999/01/07 v2.07 `tabularx' package (DPC)
\TX@col@width=\dimen157
\TX@old@table=\dimen158
\TX@old@col=\dimen159
\TX@target=\dimen160
\TX@delta=\dimen161
\TX@cols=\count309
\TX@ftn=\toks60
)
(/usr/local/texlive/2011/texmf-dist/tex/latex/geometry/geometry.sty
Package: geometry 2010/09/12 v5.6 Page Geometry
\Gm@cnth=\count310
\Gm@cntv=\count311
\c@Gm@tempcnt=\count312
\Gm@bindingoffset=\dimen162
\Gm@wd@mp=\dimen163
\Gm@odd@mp=\dimen164
\Gm@even@mp=\dimen165
\Gm@layoutwidth=\dimen166
\Gm@layoutheight=\dimen167
\Gm@layouthoffset=\dimen168
\Gm@layoutvoffset=\dimen169
\Gm@dimlist=\toks61
))
(./data/abstract_format.tex) (./data/cover.tex) (./main.aux (./data/chap00.aux)
(./data/chap01.aux) (./data/chap02.aux) (./data/chap03.aux) (./data/chap04.aux)
(./data/chap06.aux) (./data/ack.aux))
\openout1 = `main.aux'.

LaTeX Font Info:    Checking defaults for OML/cmm/m/it on input line 9.
LaTeX Font Info:    ... okay on input line 9.
LaTeX Font Info:    Checking defaults for T1/cmr/m/n on input line 9.
LaTeX Font Info:    ... okay on input line 9.
LaTeX Font Info:    Checking defaults for OT1/cmr/m/n on input line 9.
LaTeX Font Info:    ... okay on input line 9.
LaTeX Font Info:    Checking defaults for OMS/cmsy/m/n on input line 9.
LaTeX Font Info:    ... okay on input line 9.
LaTeX Font Info:    Checking defaults for OMX/cmex/m/n on input line 9.
LaTeX Font Info:    ... okay on input line 9.
LaTeX Font Info:    Checking defaults for U/cmr/m/n on input line 9.
LaTeX Font Info:    ... okay on input line 9.
LaTeX Font Info:    Checking defaults for TS1/cmr/m/n on input line 9.
LaTeX Font Info:    ... okay on input line 9.
LaTeX Font Info:    Checking defaults for EU1/lmr/m/n on input line 9.
LaTeX Font Info:    ... okay on input line 9.
LaTeX Font Info:    Checking defaults for PD1/pdf/m/n on input line 9.
LaTeX Font Info:    ... okay on input line 9.
LaTeX Font Info:    Checking defaults for PU/pdf/m/n on input line 9.
LaTeX Font Info:    ... okay on input line 9.
 fontspec info: Adjusting the maths setup (use [no-math] to avoid this).

\symlegacymaths=\mathgroup6
LaTeX Font Info:    Overwriting symbol font `legacymaths' in version `bold'
(Font)                  OT1/cmr/m/n --> OT1/cmr/bx/n on input line 9.
LaTeX Font Info:    Redeclaring math accent \acute on input line 9.
LaTeX Font Info:    Redeclaring math accent \grave on input line 9.
LaTeX Font Info:    Redeclaring math accent \ddot on input line 9.
LaTeX Font Info:    Redeclaring math accent \tilde on input line 9.
LaTeX Font Info:    Redeclaring math accent \bar on input line 9.
LaTeX Font Info:    Redeclaring math accent \breve on input line 9.
LaTeX Font Info:    Redeclaring math accent \check on input line 9.
LaTeX Font Info:    Redeclaring math accent \hat on input line 9.
LaTeX Font Info:    Redeclaring math accent \dot on input line 9.
LaTeX Font Info:    Redeclaring math accent \mathring on input line 9.
LaTeX Font Info:    Redeclaring math symbol \Gamma on input line 9.
LaTeX Font Info:    Redeclaring math symbol \Delta on input line 9.
LaTeX Font Info:    Redeclaring math symbol \Theta on input line 9.
LaTeX Font Info:    Redeclaring math symbol \Lambda on input line 9.
LaTeX Font Info:    Redeclaring math symbol \Xi on input line 9.
LaTeX Font Info:    Redeclaring math symbol \Pi on input line 9.
LaTeX Font Info:    Redeclaring math symbol \Sigma on input line 9.
LaTeX Font Info:    Redeclaring math symbol \Upsilon on input line 9.
LaTeX Font Info:    Redeclaring math symbol \Phi on input line 9.
LaTeX Font Info:    Redeclaring math symbol \Psi on input line 9.
LaTeX Font Info:    Redeclaring math symbol \Omega on input line 9.
LaTeX Font Info:    Redeclaring math symbol \mathdollar on input line 9.
LaTeX Font Info:    Redeclaring symbol font `operators' on input line 9.
LaTeX Font Info:    Encoding `OT1' has changed to `EU1' for symbol font
(Font)              `operators' in the math version `normal' on input line 9.
LaTeX Font Info:    Overwriting symbol font `operators' in version `normal'
(Font)                  OT1/cmr/m/n --> EU1/TimesNewRoman(0)/m/n on input line 
9.
LaTeX Font Info:    Encoding `OT1' has changed to `EU1' for symbol font
(Font)              `operators' in the math version `bold' on input line 9.
LaTeX Font Info:    Overwriting symbol font `operators' in version `bold'
(Font)                  OT1/cmr/bx/n --> EU1/TimesNewRoman(0)/m/n on input line
 9.
LaTeX Font Info:    Overwriting symbol font `operators' in version `normal'
(Font)                  EU1/TimesNewRoman(0)/m/n --> EU1/TimesNewRoman(0)/m/n o
n input line 9.
LaTeX Font Info:    Overwriting math alphabet `\mathrm' in version `normal'
(Font)                  EU1/TimesNewRoman(0)/m/n --> EU1/TimesNewRoman(0)/m/n o
n input line 9.
LaTeX Font Info:    Overwriting math alphabet `\mathit' in version `normal'
(Font)                  OT1/cmr/m/it --> EU1/TimesNewRoman(0)/m/it on input lin
e 9.
LaTeX Font Info:    Overwriting math alphabet `\mathbf' in version `normal'
(Font)                  OT1/cmr/bx/n --> EU1/TimesNewRoman(0)/bx/n on input lin
e 9.
LaTeX Font Info:    Overwriting math alphabet `\mathsf' in version `normal'
(Font)                  OT1/cmss/m/n --> EU1/lmss/m/n on input line 9.
LaTeX Font Info:    Overwriting math alphabet `\mathtt' in version `normal'
(Font)                  OT1/cmtt/m/n --> EU1/lmtt/m/n on input line 9.
LaTeX Font Info:    Overwriting symbol font `operators' in version `bold'
(Font)                  EU1/TimesNewRoman(0)/m/n --> EU1/TimesNewRoman(0)/bx/n 
on input line 9.
LaTeX Font Info:    Overwriting math alphabet `\mathrm' in version `bold'
(Font)                  EU1/TimesNewRoman(0)/m/n --> EU1/TimesNewRoman(0)/bx/n 
on input line 9.
LaTeX Font Info:    Overwriting math alphabet `\mathit' in version `bold'
(Font)                  OT1/cmr/bx/it --> EU1/TimesNewRoman(0)/bx/it on input l
ine 9.
LaTeX Font Info:    Overwriting math alphabet `\mathsf' in version `bold'
(Font)                  OT1/cmss/bx/n --> EU1/lmss/bx/n on input line 9.
LaTeX Font Info:    Overwriting math alphabet `\mathtt' in version `bold'
(Font)                  OT1/cmtt/m/n --> EU1/lmtt/bx/n on input line 9.
Package caption Info: Begin \AtBeginDocument code.
Package caption3 Info: subfig package 1.2 or 1.3 is loaded.
LaTeX Info: Redefining \subref on input line 9.
Package caption Info: hyperref package is loaded.
Package caption Info: End \AtBeginDocument code.
\AtBeginShipoutBox=\box41
Package hyperref Info: Link coloring ON on input line 9.

(/usr/local/texlive/2011/texmf-dist/tex/latex/hyperref/nameref.sty
Package: nameref 2010/04/30 v2.40 Cross-referencing by name of section

(/usr/local/texlive/2011/texmf-dist/tex/generic/oberdiek/gettitlestring.sty
Package: gettitlestring 2010/12/03 v1.4 Cleanup title references (HO)
)
\c@section@level=\count313
)
LaTeX Info: Redefining \ref on input line 9.
LaTeX Info: Redefining \pageref on input line 9.
LaTeX Info: Redefining \nameref on input line 9.

(./main.out) (./main.out)
\@outlinefile=\write5
\openout5 = `main.out'.


*geometry* driver: auto-detecting
*geometry* detected driver: xetex
*geometry* verbose mode - [ preamble ] result:
* driver: xetex
* paper: a4paper
* layout: <same size as paper>
* layoutoffset:(h,v)=(0.0pt,0.0pt)
* modes: 
* h-part:(L,W,R)=(91.04872pt, 415.41043pt, 91.04872pt)
* v-part:(T,H,B)=(99.58464pt, 645.87756pt, 99.58464pt)
* \paperwidth=597.50787pt
* \paperheight=845.04684pt
* \textwidth=415.41043pt
* \textheight=645.87756pt
* \oddsidemargin=18.77873pt
* \evensidemargin=18.77873pt
* \topmargin=-4.55914pt
* \headheight=12.0pt
* \headsep=19.8738pt
* \topskip=12.0pt
* \footskip=30.0pt
* \marginparwidth=38.0pt
* \marginparsep=7.0pt
* \columnsep=10.0pt
* \skip\footins=10.8pt plus 4.0pt minus 2.0pt
* \hoffset=0.0pt
* \voffset=0.0pt
* \mag=1000
* \@twocolumnfalse
* \@twosidefalse
* \@mparswitchfalse
* \@reversemarginfalse
* (1in=72.27pt=25.4mm, 1cm=28.453pt)

File: figures/logo.eps Graphic file (type eps)
<figures/logo.eps>
File: figures/name.eps Graphic file (type eps)
 <figures/name.eps>
 fontspec info: Font STZhongsong does not contain any OpenType `Script' informa
tion.

\g_fontspec_family_STZhongsong_int=\count314
 fontspec info: Defining font family 'STZhongsong(0)' for font 'STZhongsong' wi
th options [Ligatures=TeX,BoldFont={STZhongsong},BoldFeatures={RawFeature={embo
lden=4}}].

\g_fontspec_STZhongsong(0)_prop=\toks62
 fontspec info: Defining shape 'normal' with NFSS spec.:
(fontspec)  <->"STZhongsong/ICU:mapping=tex-text;"

 fontspec info: Defining shape 'bold' with NFSS spec.:
(fontspec)  <->"STZhongsong/ICU:mapping=tex-text;embolden=4;"

 fontspec info: Could not resolve font STZhongsong/I (it probably doesn't exist
).

 fontspec info: Could not resolve font STZhongsong/I (it probably doesn't exist
).

 fontspec info: Font STZhongsong does not contain any OpenType `Script' informa
tion.

 fontspec info: Font STZhongsong does not contain any OpenType `Script' informa
tion.

LaTeX Font Info:    Try loading font information for U+msa on input line 10.

(/usr/local/texlive/2011/texmf-dist/tex/latex/amsfonts/umsa.fd
File: umsa.fd 2009/06/22 v3.00 AMS symbols A
)
LaTeX Font Info:    Try loading font information for U+msb on input line 10.

(/usr/local/texlive/2011/texmf-dist/tex/latex/amsfonts/umsb.fd
File: umsb.fd 2009/06/22 v3.00 AMS symbols B
) [1


]
 fontspec info: Font KaiTi does not contain any OpenType `Script' information.

\g_fontspec_family_KaiTi_int=\count315
 fontspec info: Defining font family 'KaiTi(0)' for font 'KaiTi' with options [
Ligatures=TeX,BoldFont={KaiTi},BoldFeatures={RawFeature={embolden=4}}].

\g_fontspec_KaiTi(0)_prop=\toks63
 fontspec info: Defining shape 'normal' with NFSS spec.:
(fontspec)  <->"KaiTi/ICU:mapping=tex-text;"

 fontspec info: Defining shape 'bold' with NFSS spec.:
(fontspec)  <->"KaiTi/ICU:mapping=tex-text;embolden=4;"

 fontspec info: Could not resolve font KaiTi/I (it probably doesn't exist).

 fontspec info: Could not resolve font KaiTi/I (it probably doesn't exist).

 [2

]
[3

] (./data/abstract.tex
 fontspec info: Font KaiTi does not contain any OpenType `Script' information.

 fontspec info: Font KaiTi does not contain any OpenType `Script' information.

 fontspec info: Font SimHei does not contain any OpenType `Script' information.


\g_fontspec_family_SimHei_int=\count316
 fontspec info: Defining font family 'SimHei(0)' for font 'SimHei' with options
 [Ligatures=TeX,BoldFont={SimHei},BoldFeatures={RawFeature={embolden=4}}].

\g_fontspec_SimHei(0)_prop=\toks64
 fontspec info: Defining shape 'normal' with NFSS spec.:
(fontspec)  <->"SimHei/ICU:mapping=tex-text;"

 fontspec info: Defining shape 'bold' with NFSS spec.:
(fontspec)  <->"SimHei/ICU:mapping=tex-text;embolden=4;"

 fontspec info: Could not resolve font SimHei/I (it probably doesn't exist).

 fontspec info: Could not resolve font SimHei/I (it probably doesn't exist).

 fontspec info: Font KaiTi does not contain any OpenType `Script' information.

 fontspec info: Font SimHei does not contain any OpenType `Script' information.


 fontspec info: Font KaiTi does not contain any OpenType `Script' information.

 [1

]
Underfull \hbox (badness 10000) in paragraph at lines 17--17

 []

[2

])
 fontspec info: Font SimHei does not contain any OpenType `Script' information.


 (./main.toc
 fontspec info: Font SimSun does not contain any OpenType `Script' information.


\g_fontspec_family_SimSun_int=\count317
 fontspec info: Defining font family 'SimSun(0)' for font 'SimSun' with options
 [Ligatures=TeX,BoldFont={SimHei},ItalicFont={KaiTi}].

\g_fontspec_SimSun(0)_prop=\toks65
 fontspec info: Defining shape 'normal' with NFSS spec.:
(fontspec)  <->"SimSun/ICU:mapping=tex-text;"

 fontspec info: Defining shape 'bold' with NFSS spec.:
(fontspec)  <->"SimHei/ICU:mapping=tex-text;"

 fontspec info: Defining shape 'italic' with NFSS spec.:
(fontspec)  <->"KaiTi/ICU:mapping=tex-text;"

 fontspec info: Could not resolve font SimHei/I (it probably doesn't exist).

 fontspec info: Font SimSun does not contain any OpenType `Script' information.


)
\tf@toc=\write6
\openout6 = `main.toc'.

 [3


] (./main.lof)
\tf@lof=\write7
\openout7 = `main.lof'.

 [4

] (./main.lot)
\tf@lot=\write8
\openout8 = `main.lot'.

 [5

]
\openout2 = `data/chap00.aux'.

 (./data/chap00.tex
Á¨¨‰∏ÄÁ´†
 fontspec info: Font NSimSun does not contain any OpenType `Script' information
.

\g_fontspec_family_NSimSun_int=\count318
 fontspec info: Defining font family 'NSimSun(0)' for font 'NSimSun' with optio
ns [Ligatures=TeX,BoldFont={NSimSun},BoldFeatures={RawFeature={embolden=4}}].

\g_fontspec_NSimSun(0)_prop=\toks66
 fontspec info: Defining shape 'normal' with NFSS spec.:
(fontspec)  <->"NSimSun/ICU:mapping=tex-text;"

 fontspec info: Defining shape 'bold' with NFSS spec.:
(fontspec)  <->"NSimSun/ICU:mapping=tex-text;embolden=4;"

 fontspec info: Could not resolve font NSimSun/I (it probably doesn't exist).

 fontspec info: Could not resolve font NSimSun/I (it probably doesn't exist).

[1



]
File: figures/0.eps Graphic file (type eps)
 <figures/0.eps>
 fontspec info: Font NSimSun does not contain any OpenType `Script' information
.

)
 fontspec info: Font NSimSun does not contain any OpenType `Script' information
.



Package Fancyhdr Warning: \headheight is too small (12.0pt): 
 Make it at least 13.59999pt.
 We now make it that large for the rest of the document.
 This may cause the page layout to be inconsistent, however.

[2]
\openout2 = `data/chap01.aux'.

 (./data/chap01.tex
Á¨¨‰∫åÁ´†
 fontspec info: Font SimHei does not contain any OpenType `Script' information.


[3



]
\c@defn=\count319


Package Fancyhdr Warning: \headheight is too small (12.0pt): 
 Make it at least 13.59999pt.
 We now make it that large for the rest of the document.
 This may cause the page layout to be inconsistent, however.

[4]
 fontspec info: Font SimHei does not contain any OpenType `Script' information.


 fontspec info: Font SimHei does not contain any OpenType `Script' information.


 fontspec info: Font SimSun does not contain any OpenType `Script' information.


File: figures/ontology.eps Graphic file (type eps)
 <figures/ontology.eps>
Overfull \hbox (10.3469pt too wide) in paragraph at lines 109--113
[]\song/m/n/12.05 Âõæ[][]\EU1/TimesNewRoman(0)/m/n/12.05 2.2[][]\song/m/n/12.05
 ‰∏∫ ‰∏Ä ‰∏™ ÂÖ≥ Á≥ª Êï∞ ÊçÆ Â∫ì Ê®° ÂºèÔºå| ÂåÖ Âê´ \EU1/TimesNewRoman(0)/m/n/
12.05 3 \song/m/n/12.05 ‰∏™ ÂÖ≥ Á≥ªÔºö| \EU1/TimesNewRoman(0)/m/it/12.05 studen
t\song/m/n/12.05 „ÄÅ| \EU1/TimesNewRoman(0)/m/it/12.05 course \song/m/n/12.05 Â
íå \EU1/TimesNewRoman(0)/m/it/12.05 takes_course\song/m/n/12.05 Ôºõ|
 []

File: figures/DB.eps Graphic file (type eps)
<figures/DB.eps>)

Package Fancyhdr Warning: \headheight is too small (12.0pt): 
 Make it at least 13.59999pt.
 We now make it that large for the rest of the document.
 This may cause the page layout to be inconsistent, however.

[5]

Package Fancyhdr Warning: \headheight is too small (12.0pt): 
 Make it at least 13.59999pt.
 We now make it that large for the rest of the document.
 This may cause the page layout to be inconsistent, however.

[6]
\openout2 = `data/chap02.aux'.

 (./data/chap02.tex
Á¨¨‰∏âÁ´†
[7



]

Package Fancyhdr Warning: \headheight is too small (12.0pt): 
 Make it at least 13.59999pt.
 We now make it that large for the rest of the document.
 This may cause the page layout to be inconsistent, however.

[8]

Package amsmath Warning: Foreign command \atop;
(amsmath)                \frac or \genfrac should be used instead
(amsmath)                 on input line 100.


Overfull \hbox (1.5816pt too wide) detected at line 120
[]\OML/cmm/m/it/12.05 vdoc\OT1/cmr/m/n/12.05 (\OML/cmm/m/it/12.05 A\OT1/cmr/m/n
/12.05 ) = []
 []


Package Fancyhdr Warning: \headheight is too small (12.0pt): 
 Make it at least 13.59999pt.
 We now make it that large for the rest of the document.
 This may cause the page layout to be inconsistent, however.

[9])

Package Fancyhdr Warning: \headheight is too small (12.0pt): 
 Make it at least 13.59999pt.
 We now make it that large for the rest of the document.
 This may cause the page layout to be inconsistent, however.

[10]
\openout2 = `data/chap03.aux'.

 (./data/chap03.tex
Á¨¨ÂõõÁ´†

Overfull \hbox (4.65161pt too wide) in paragraph at lines 33--45
\song/m/n/12.05 Á≥ª Á±ª Âûã ÂÖ≥ Á≥ªÔºå| ËÆ∞ ‰Ωú $\OML/cmm/m/it/12.05 R[]$\song/
m/n/12.05 Ôºå| ËÄå $\OML/cmm/m/it/12.05 fk\OT1/cmr/m/n/12.05 (\OML/cmm/m/it/12.
05 R[]\OT1/cmr/m/n/12.05 )$ \song/m/n/12.05 ‰∏∫ $\OML/cmm/m/it/12.05 R[]$ \song
/m/n/12.05 ‰∏≠ ÁöÑ Â§ñ ÈîÆ ÈõÜ ÂêàÔºå| Âàô Êî∂ ÈõÜ $\OML/cmm/m/it/12.05 rel\OT1
/cmr/m/n/12.05 (\OML/cmm/m/it/12.05 ref\OT1/cmr/m/n/12.05 (\OML/cmm/m/it/12.05 
A[]\OT1/cmr/m/n/12.05 ))$
 []

[11



]
Package hyperref Info: bookmark level for unknown algorithm defaults to 0 on in
put line 103.


Package Fancyhdr Warning: \headheight is too small (12.0pt): 
 Make it at least 13.59999pt.
 We now make it that large for the rest of the document.
 This may cause the page layout to be inconsistent, however.

[12]
\c@type=\count320
 fontspec info: Font SimSun does not contain any OpenType `Script' information.


)

Package Fancyhdr Warning: \headheight is too small (12.0pt): 
 Make it at least 13.59999pt.
 We now make it that large for the rest of the document.
 This may cause the page layout to be inconsistent, however.

[13]
\openout2 = `data/chap04.aux'.

 (./data/chap04.tex
Á¨¨‰∫îÁ´†
File: figures/server.eps Graphic file (type eps)
<figures/server.eps> (./main.fot)
\openout4 = `main.fot'.

LaTeX Font Info:    Try loading font information for EU1+lmtt on input line 22.


(/usr/local/texlive/2011/texmf-dist/tex/latex/euenc/eu1lmtt.fd
File: eu1lmtt.fd 2009/10/30 v1.6 Font defs for Latin Modern
) [14



]
File: figures/interface.eps Graphic file (type eps)

<figures/interface.eps>

Package Fancyhdr Warning: \headheight is too small (12.0pt): 
 Make it at least 13.59999pt.
 We now make it that large for the rest of the document.
 This may cause the page layout to be inconsistent, however.

[15]
 fontspec info: Font SimSun does not contain any OpenType `Script' information.


 fontspec info: Font SimSun does not contain any OpenType `Script' information.


 fontspec info: Font SimSun does not contain any OpenType `Script' information.


 fontspec info: Font SimHei does not contain any OpenType `Script' information.


\c@experiment=\count321


Package Fancyhdr Warning: \headheight is too small (12.0pt): 
 Make it at least 13.59999pt.
 We now make it that large for the rest of the document.
 This may cause the page layout to be inconsistent, however.

[16]
File: figures/2.eps Graphic file (type eps)
 <figures/2.eps>
File: figures/3.eps Graphic file (type eps)
 <figures/3.eps>

Package Fancyhdr Warning: \headheight is too small (12.0pt): 
 Make it at least 13.59999pt.
 We now make it that large for the rest of the document.
 This may cause the page layout to be inconsistent, however.

[17]
File: figures/4.eps Graphic file (type eps)
 <figures/4.eps>
 fontspec info: Font SimSun does not contain any OpenType `Script' information.



Overfull \hbox (10.29172pt too wide) in paragraph at lines 161--176
 [][] 
 []

File: figures/5.eps Graphic file (type eps)
<figures/5.eps>

Package Fancyhdr Warning: \headheight is too small (12.0pt): 
 Make it at least 13.59999pt.
 We now make it that large for the rest of the document.
 This may cause the page layout to be inconsistent, however.

[18]
Overfull \hbox (25.07535pt too wide) in paragraph at lines 206--211
[]\EU1/TimesNewRoman(0)/bx/it/12.05 Univ-CS\EU1/TimesNewRoman(0)/m/n/12.05 :\EU
1/TimesNewRoman(0)/m/it/12.05 GraduateStudent\EU1/TimesNewRoman(0)/m/n/12.05 (\
EU1/TimesNewRoman(0)/m/it/12.05 A\EU1/TimesNewRoman(0)/m/n/12.05 ), \EU1/TimesN
ewRoman(0)/bx/it/12.05 Univ-CS\EU1/TimesNewRoman(0)/m/n/12.05 :\EU1/TimesNewRom
an(0)/m/it/12.05 personName\EU1/TimesNewRoman(0)/m/n/12.05 (\EU1/TimesNewRoman(
0)/m/it/12.05 A,sname\EU1/TimesNewRoman(0)/m/n/12.05 ), \EU1/TimesNewRoman(0)/b
x/it/12.05 Univ-CS\EU1/TimesNewRoman(0)/m/n/12.05 :\EU1/TimesNewRoman(0)/m/it/1
2.05 Course\EU1/TimesNewRoman(0)/m/n/12.05 (\EU1/TimesNewRoman(0)/m/it/12.05 B\
EU1/TimesNewRoman(0)/m/n/12.05 ),
 []

)

Package Fancyhdr Warning: \headheight is too small (12.0pt): 
 Make it at least 13.59999pt.
 We now make it that large for the rest of the document.
 This may cause the page layout to be inconsistent, however.

[19]
\openout2 = `data/chap06.aux'.

 (./data/chap06.tex
Á¨¨ÂÖ≠Á´†
) [20



] (./main.bbl
 fontspec info: Font NSimSun does not contain any OpenType `Script' information
.



LaTeX Font Warning: Font shape `EU1/NSimSun(0)/m/it' undefined
(Font)              using `EU1/NSimSun(0)/m/n' instead on input line 39.

[1



]

Package Fancyhdr Warning: \headheight is too small (12.0pt): 
 Make it at least 13.59999pt.
 We now make it that large for the rest of the document.
 This may cause the page layout to be inconsistent, however.

[2]

Package Fancyhdr Warning: \headheight is too small (12.0pt): 
 Make it at least 13.59999pt.
 We now make it that large for the rest of the document.
 This may cause the page layout to be inconsistent, however.

[3])

Package Fancyhdr Warning: \headheight is too small (12.0pt): 
 Make it at least 13.59999pt.
 We now make it that large for the rest of the document.
 This may cause the page layout to be inconsistent, however.

[4]
\openout2 = `data/ack.aux'.

 (./data/ack.tex) [5


]
Package atveryend Info: Empty hook `BeforeClearDocument' on input line 39.
Package atveryend Info: Empty hook `AfterLastShipout' on input line 39.
 (./main.aux (./data/chap00.aux) (./data/chap01.aux)
(./data/chap02.aux) (./data/chap03.aux) (./data/chap04.aux) (./data/chap06.aux)
(./data/ack.aux))
Package atveryend Info: Empty hook `AtVeryEndDocument' on input line 39.
Package atveryend Info: Empty hook `AtEndAfterFileList' on input line 39.


LaTeX Font Warning: Some font shapes were not available, defaults substituted.

 ) 
Here is how much of TeX's memory you used:
 21861 strings out of 494150
 357370 string characters out of 3152950
 574627 words of memory out of 3000000
 24563 multiletter control sequences out of 15000+200000
 20163 words of font info for 177 fonts, out of 3000000 for 9000
 1018 hyphenation exceptions out of 8191
 63i,14n,96p,833b,708s stack positions out of 5000i,500n,10000p,200000b,50000s

Output written on main.pdf (33 pages).
