\BOOKMARK [0][]{cover.0}{封面}{}% 1
\BOOKMARK [0][]{abstract.0}{中文摘要}{}% 2
\BOOKMARK [0][]{englishabstract.0}{英文摘要}{}% 3
\BOOKMARK [0][]{tableofcontents.0}{目录}{}% 4
\BOOKMARK [0][]{chapter.1}{第一章  引言}{}% 5
\BOOKMARK [0][]{chapter.2}{第二章  关系数据库模式与本体间映射的问题描述}{}% 6
\BOOKMARK [1][-]{section.2.1}{2.1 相关工作}{chapter.2}% 7
\BOOKMARK [1][-]{section.2.2}{2.2 问题描述}{chapter.2}% 8
\BOOKMARK [1][-]{section.2.3}{2.3 关系数据库模式和本体实例}{chapter.2}% 9
\BOOKMARK [0][]{chapter.3}{第三章  简单映射的发现}{}% 10
\BOOKMARK [1][-]{section.3.1}{3.1 元素类型分类}{chapter.3}% 11
\BOOKMARK [1][-]{section.3.2}{3.2 基于虚拟文档的简单映射发现}{chapter.3}% 12
\BOOKMARK [0][]{chapter.4}{第四章  复杂语义映射的学习}{}% 13
\BOOKMARK [1][-]{section.4.1}{4.1 事实收集}{chapter.4}% 14
\BOOKMARK [1][-]{section.4.2}{4.2 基于归纳逻辑编程的学习}{chapter.4}% 15
\BOOKMARK [0][]{chapter.5}{第五章  系统实现与实验结果}{}% 16
\BOOKMARK [1][-]{section.5.1}{5.1 原型系统设计与实现}{chapter.5}% 17
\BOOKMARK [1][-]{section.5.2}{5.2 实验结果与分析}{chapter.5}% 18
\BOOKMARK [2][-]{subsection.5.2.1}{5.2.1 简单映射发现的实验结果与分析}{section.5.2}% 19
\BOOKMARK [2][-]{subsection.5.2.2}{5.2.2 复杂映射学习的实验结果与分析}{section.5.2}% 20
\BOOKMARK [0][]{chapter.6}{第六章  结束语}{}% 21
\BOOKMARK [0][]{chapter*.15}{参考文献}{}% 22
\BOOKMARK [0][]{chapter*.16}{致谢}{}% 23
